[     4.372] 
X.Org X Server 1.21.1.15
X Protocol Version 11, Revision 0
[     4.372] Current Operating System: Linux grwna 5.15.167.4-microsoft-standard-WSL2 #1 SMP Tue Nov 5 00:21:55 UTC 2024 x86_64
[     4.372] Kernel command line: initrd=\initrd.img WSL_ROOT_INIT=1 panic=-1 nr_cpus=20 hv_utils.timesync_implicit=1 console=hvc0 debug pty.legacy_count=0 WSL_ENABLE_CRASH_DUMP=1
[     4.372] xorg-server 2:21.1.15-2 (https://www.debian.org/support) 
[     4.372] Current version of pixman: 0.44.0
[     4.372] 	Before reporting problems, check http://wiki.x.org
	to make sure that you have the latest version.
[     4.372] Markers: (--) probed, (**) from config file, (==) default setting,
	(++) from command line, (!!) notice, (II) informational,
	(WW) warning, (EE) error, (NI) not implemented, (??) unknown.
[     4.372] (==) Log file: "/var/log/Xorg.0.log", Time: Thu May 29 18:23:51 2025
[     4.372] (==) Using system config directory "/usr/share/X11/xorg.conf.d"
[     4.372] (==) No Layout section.  Using the first Screen section.
[     4.372] (==) No screen section available. Using defaults.
[     4.372] (**) |-->Screen "Default Screen Section" (0)
[     4.372] (**) |   |-->Monitor "<default monitor>"
[     4.372] (==) No monitor specified for screen "Default Screen Section".
	Using a default monitor configuration.
[     4.372] (**) Allowing byte-swapped clients
[     4.372] (==) Automatically adding devices
[     4.372] (==) Automatically enabling devices
[     4.372] (==) Automatically adding GPU devices
[     4.372] (==) Automatically binding GPU devices
[     4.372] (==) Max clients allowed: 256, resource mask: 0x1fffff
[     4.372] (WW) The directory "/usr/share/fonts/X11/cyrillic" does not exist.
[     4.372] 	Entry deleted from font path.
[     4.372] (==) FontPath set to:
	/usr/share/fonts/X11/misc,
	/usr/share/fonts/X11/100dpi/:unscaled,
	/usr/share/fonts/X11/75dpi/:unscaled,
	/usr/share/fonts/X11/Type1,
	/usr/share/fonts/X11/100dpi,
	/usr/share/fonts/X11/75dpi,
	built-ins
[     4.372] (==) ModulePath set to "/usr/lib/xorg/modules"
[     4.372] (II) The server relies on udev to provide the list of input devices.
	If no devices become available, reconfigure udev or disable AutoAddDevices.
[     4.372] (II) Loader magic: 0x55d2357b0f20
[     4.372] (II) Module ABI versions:
[     4.372] 	X.Org ANSI C Emulation: 0.4
[     4.372] 	X.Org Video Driver: 25.2
[     4.372] 	X.Org XInput driver : 24.4
[     4.372] 	X.Org Server Extension : 10.0
[     4.373] (++) using VT number 7

[     4.373] (II) systemd-logind: logind integration requires -keeptty and -keeptty was not provided, disabling logind integration
[     4.373] (II) xfree86: Adding drm device (/dev/dri/card0)
[     4.373] (II) Platform probe for /sys/devices/platform/vgem/drm/card0
[     4.377] (--) PCI:*(0@13160:0:0) 1414:008e:0000:0000 rev 0
[     4.377] (II) LoadModule: "glx"
[     4.377] (II) Loading /usr/lib/xorg/modules/extensions/libglx.so
[     4.378] (II) Module glx: vendor="X.Org Foundation"
[     4.378] 	compiled for 1.21.1.15, module version = 1.0.0
[     4.378] 	ABI class: X.Org Server Extension, version 10.0
[     4.378] (==) Matched modesetting as autoconfigured driver 0
[     4.378] (==) Matched fbdev as autoconfigured driver 1
[     4.378] (==) Matched vesa as autoconfigured driver 2
[     4.378] (==) Assigned the driver to the xf86ConfigLayout
[     4.378] (II) LoadModule: "modesetting"
[     4.378] (II) Loading /usr/lib/xorg/modules/drivers/modesetting_drv.so
[     4.378] (II) Module modesetting: vendor="X.Org Foundation"
[     4.378] 	compiled for 1.21.1.15, module version = 1.21.1
[     4.378] 	Module class: X.Org Video Driver
[     4.378] 	ABI class: X.Org Video Driver, version 25.2
[     4.378] (II) LoadModule: "fbdev"
[     4.378] (WW) Warning, couldn't open module fbdev
[     4.378] (EE) Failed to load module "fbdev" (module does not exist, 0)
[     4.378] (II) LoadModule: "vesa"
[     4.378] (WW) Warning, couldn't open module vesa
[     4.378] (EE) Failed to load module "vesa" (module does not exist, 0)
[     4.378] (II) modesetting: Driver for Modesetting Kernel Drivers: kms
[     4.379] (WW) Falling back to old probe method for modesetting
[     4.379] (WW) VGA arbiter: cannot open kernel arbiter, no multi-card support
[     4.379] (EE) Screen 0 deleted because of no matching config section.
[     4.379] (II) UnloadModule: "modesetting"
[     4.379] (EE) Device(s) detected, but none match those in the config file.
[     4.379] (EE) 
Fatal server error:
[     4.379] (EE) no screens found(EE) 
[     4.379] (EE) 
Please consult the The X.Org Foundation support 
	 at http://wiki.x.org
 for help. 
[     4.379] (EE) Please also check the log file at "/var/log/Xorg.0.log" for additional information.
[     4.379] (EE) 
[     4.379] (EE) Server terminated with error (1). Closing log file.
